[INFO] Scanning for projects...
[INFO] 
[INFO] ---------------------------< com.ttice:main >---------------------------
[INFO] Building main 0.0.1-SNAPSHOT
[INFO]   from pom.xml
[INFO] --------------------------------[ jar ]---------------------------------
[INFO] 
[INFO] --- clean:3.1.0:clean (default-clean) @ main ---
[INFO] Deleting /Users/zora/Downloads/IceCMS-Pro/IceCMS-main/target
[INFO] 
[INFO] --- resources:3.1.0:resources (default-resources) @ main ---
[INFO] Using 'UTF-8' encoding to copy filtered resources.
[INFO] Copying 1 resource
[INFO] Copying 1 resource
[INFO] 
[INFO] --- compiler:3.8.1:compile (default-compile) @ main ---
[INFO] Changes detected - recompiling the module!
[INFO] Compiling 1 source file to /Users/zora/Downloads/IceCMS-Pro/IceCMS-main/target/classes
[INFO] 
[INFO] --- resources:3.1.0:testResources (default-testResources) @ main ---
[INFO] Using 'UTF-8' encoding to copy filtered resources.
[INFO] skip non existing resourceDirectory /Users/zora/Downloads/IceCMS-Pro/IceCMS-main/src/test/resources
[INFO] 
[INFO] --- compiler:3.8.1:testCompile (default-testCompile) @ main ---
[INFO] Changes detected - recompiling the module!
[INFO] Compiling 1 source file to /Users/zora/Downloads/IceCMS-Pro/IceCMS-main/target/test-classes
[INFO] 
[INFO] --- surefire:2.19.1:test (default-test) @ main ---
[INFO] Tests are skipped.
[INFO] 
[INFO] --- jar:3.2.0:jar (default-jar) @ main ---
[INFO] Building jar: /Users/zora/Downloads/IceCMS-Pro/IceCMS-main/target/main.jar
[INFO] 
[INFO] --- spring-boot:2.3.5.RELEASE:repackage (repackage) @ main ---
[INFO] Layout: ZIP
[INFO] Replacing main artifact with repackaged archive
[INFO] 
[INFO] --- spring-boot:2.3.5.RELEASE:repackage (default) @ main ---
[INFO] Layout: ZIP
[INFO] Replacing main artifact with repackaged archive
[INFO] ------------------------------------------------------------------------
[INFO] BUILD SUCCESS
[INFO] ------------------------------------------------------------------------
[INFO] Total time:  2.047 s
[INFO] Finished at: 2025-07-12T16:51:40+08:00
[INFO] ------------------------------------------------------------------------
