Application Version: 3.2.5
Spring Boot Version: 2.3.5.RELEASE

  _/          _/            _/
 _/          _/    _/_/    _/    _/_/_/    _/_/    _/_/_/  _/_/      _/_/
_/    _/    _/  _/_/_/_/  _/  _/        _/    _/  _/    _/    _/  _/_/_/_/
 _/  _/  _/    _/        _/  _/        _/    _/  _/    _/    _/  _/
  _/  _/        _/_/_/  _/    _/_/_/    _/_/    _/    _/    _/    _/_/_/
2025-07-12 16:51:43.119  INFO 16809 --- [           main] com.ttice.main.MainApplication           : Starting MainApplication v0.0.1-SNAPSHOT on zlc with PID 16809 (/Users/zora/Downloads/IceCMS-Pro/IceCMS-main/target/main.jar started by zora in /Users/zora/Downloads/IceCMS-Pro/IceCMS-main)
2025-07-12 16:51:43.120  INFO 16809 --- [           main] com.ttice.main.MainApplication           : No active profile set, falling back to default profiles: default
2025-07-12 16:51:43.753  INFO 16809 --- [           main] .s.d.r.c.RepositoryConfigurationDelegate : Multiple Spring Data modules found, entering strict repository configuration mode!
2025-07-12 16:51:43.754  INFO 16809 --- [           main] .s.d.r.c.RepositoryConfigurationDelegate : Bootstrapping Spring Data Redis repositories in DEFAULT mode.
2025-07-12 16:51:43.764  INFO 16809 --- [           main] .s.d.r.c.RepositoryConfigurationDelegate : Finished Spring Data repository scanning in 5ms. Found 0 Redis repository interfaces.
2025-07-12 16:51:43.966  INFO 16809 --- [           main] trationDelegate$BeanPostProcessorChecker : Bean 'org.apache.shiro.spring.boot.autoconfigure.ShiroBeanAutoConfiguration' of type [org.apache.shiro.spring.boot.autoconfigure.ShiroBeanAutoConfiguration$$EnhancerBySpringCGLIB$$d32d7873] is not eligible for getting processed by all BeanPostProcessors (for example: not eligible for auto-proxying)
2025-07-12 16:51:43.994  INFO 16809 --- [           main] trationDelegate$BeanPostProcessorChecker : Bean 'org.apache.shiro.spring.boot.autoconfigure.ShiroAnnotationProcessorAutoConfiguration' of type [org.apache.shiro.spring.boot.autoconfigure.ShiroAnnotationProcessorAutoConfiguration$$EnhancerBySpringCGLIB$$d5c0b718] is not eligible for getting processed by all BeanPostProcessors (for example: not eligible for auto-proxying)
2025-07-12 16:51:44.007  INFO 16809 --- [           main] trationDelegate$BeanPostProcessorChecker : Bean 'jwtFilter' of type [com.ttice.icewkment.shiro.JwtFilter] is not eligible for getting processed by all BeanPostProcessors (for example: not eligible for auto-proxying)
2025-07-12 16:51:44.008  INFO 16809 --- [           main] trationDelegate$BeanPostProcessorChecker : Bean 'shiroConfig' of type [com.ttice.icewkment.configuration.ShiroConfig$$EnhancerBySpringCGLIB$$8f876c22] is not eligible for getting processed by all BeanPostProcessors (for example: not eligible for auto-proxying)
2025-07-12 16:51:44.016  INFO 16809 --- [           main] trationDelegate$BeanPostProcessorChecker : Bean 'jwtUtil' of type [com.ttice.icewkment.Util.JwtUtil] is not eligible for getting processed by all BeanPostProcessors (for example: not eligible for auto-proxying)
2025-07-12 16:51:44.045  INFO 16809 --- [           main] trationDelegate$BeanPostProcessorChecker : Bean 'mybatis-plus-com.baomidou.mybatisplus.autoconfigure.MybatisPlusProperties' of type [com.baomidou.mybatisplus.autoconfigure.MybatisPlusProperties] is not eligible for getting processed by all BeanPostProcessors (for example: not eligible for auto-proxying)
2025-07-12 16:51:44.048  INFO 16809 --- [           main] trationDelegate$BeanPostProcessorChecker : Bean 'pageConfiguration' of type [com.ttice.icewkment.configuration.PageConfiguration$$EnhancerBySpringCGLIB$$a06b4776] is not eligible for getting processed by all BeanPostProcessors (for example: not eligible for auto-proxying)
2025-07-12 16:51:44.058  INFO 16809 --- [           main] trationDelegate$BeanPostProcessorChecker : Bean 'paginationInterceptor' of type [com.baomidou.mybatisplus.extension.plugins.PaginationInterceptor] is not eligible for getting processed by all BeanPostProcessors (for example: not eligible for auto-proxying)
2025-07-12 16:51:44.061  INFO 16809 --- [           main] trationDelegate$BeanPostProcessorChecker : Bean 'com.baomidou.mybatisplus.autoconfigure.MybatisPlusAutoConfiguration' of type [com.baomidou.mybatisplus.autoconfigure.MybatisPlusAutoConfiguration$$EnhancerBySpringCGLIB$$fddd075d] is not eligible for getting processed by all BeanPostProcessors (for example: not eligible for auto-proxying)
2025-07-12 16:51:44.062  INFO 16809 --- [           main] trationDelegate$BeanPostProcessorChecker : Bean 'org.springframework.boot.autoconfigure.jdbc.DataSourceConfiguration$Hikari' of type [org.springframework.boot.autoconfigure.jdbc.DataSourceConfiguration$Hikari] is not eligible for getting processed by all BeanPostProcessors (for example: not eligible for auto-proxying)
2025-07-12 16:51:44.068  INFO 16809 --- [           main] trationDelegate$BeanPostProcessorChecker : Bean 'spring.datasource-org.springframework.boot.autoconfigure.jdbc.DataSourceProperties' of type [org.springframework.boot.autoconfigure.jdbc.DataSourceProperties] is not eligible for getting processed by all BeanPostProcessors (for example: not eligible for auto-proxying)
2025-07-12 16:51:44.083  INFO 16809 --- [           main] trationDelegate$BeanPostProcessorChecker : Bean 'dataSource' of type [com.zaxxer.hikari.HikariDataSource] is not eligible for getting processed by all BeanPostProcessors (for example: not eligible for auto-proxying)
2025-07-12 16:51:44.088  INFO 16809 --- [           main] trationDelegate$BeanPostProcessorChecker : Bean 'org.springframework.boot.autoconfigure.jdbc.DataSourceInitializerInvoker' of type [org.springframework.boot.autoconfigure.jdbc.DataSourceInitializerInvoker] is not eligible for getting processed by all BeanPostProcessors (for example: not eligible for auto-proxying)
2025-07-12 16:51:44.135  INFO 16809 --- [           main] trationDelegate$BeanPostProcessorChecker : Bean 'myMetaObjectHandler' of type [com.ttice.icewkment.Util.MyMetaObjectHandler] is not eligible for getting processed by all BeanPostProcessors (for example: not eligible for auto-proxying)
 _ _   |_  _ _|_. ___ _ |    _ 
| | |\/|_)(_| | |_\  |_)||_|_\ 
     /               |         
                        3.3.2 
2025-07-12 16:51:44.144  INFO 16809 --- [           main] trationDelegate$BeanPostProcessorChecker : Bean 'sqlSessionFactory' of type [org.apache.ibatis.session.defaults.DefaultSqlSessionFactory] is not eligible for getting processed by all BeanPostProcessors (for example: not eligible for auto-proxying)
2025-07-12 16:51:44.148  INFO 16809 --- [           main] trationDelegate$BeanPostProcessorChecker : Bean 'sqlSessionTemplate' of type [org.mybatis.spring.SqlSessionTemplate] is not eligible for getting processed by all BeanPostProcessors (for example: not eligible for auto-proxying)
2025-07-12 16:51:44.271  INFO 16809 --- [           main] trationDelegate$BeanPostProcessorChecker : Bean 'userMapper' of type [org.mybatis.spring.mapper.MapperFactoryBean] is not eligible for getting processed by all BeanPostProcessors (for example: not eligible for auto-proxying)
2025-07-12 16:51:44.273  INFO 16809 --- [           main] trationDelegate$BeanPostProcessorChecker : Bean 'userMapper' of type [jdk.proxy2.$Proxy76] is not eligible for getting processed by all BeanPostProcessors (for example: not eligible for auto-proxying)
2025-07-12 16:51:44.277  INFO 16809 --- [           main] trationDelegate$BeanPostProcessorChecker : Bean 'userServiceImpl' of type [com.ttice.icewkment.service.impl.UserServiceImpl] is not eligible for getting processed by all BeanPostProcessors (for example: not eligible for auto-proxying)
2025-07-12 16:51:44.301  INFO 16809 --- [           main] trationDelegate$BeanPostProcessorChecker : Bean 'userRoleMapper' of type [org.mybatis.spring.mapper.MapperFactoryBean] is not eligible for getting processed by all BeanPostProcessors (for example: not eligible for auto-proxying)
2025-07-12 16:51:44.302  INFO 16809 --- [           main] trationDelegate$BeanPostProcessorChecker : Bean 'userRoleMapper' of type [jdk.proxy2.$Proxy79] is not eligible for getting processed by all BeanPostProcessors (for example: not eligible for auto-proxying)
2025-07-12 16:51:44.317  INFO 16809 --- [           main] trationDelegate$BeanPostProcessorChecker : Bean 'roleMapper' of type [org.mybatis.spring.mapper.MapperFactoryBean] is not eligible for getting processed by all BeanPostProcessors (for example: not eligible for auto-proxying)
2025-07-12 16:51:44.318  INFO 16809 --- [           main] trationDelegate$BeanPostProcessorChecker : Bean 'roleMapper' of type [jdk.proxy2.$Proxy81] is not eligible for getting processed by all BeanPostProcessors (for example: not eligible for auto-proxying)
2025-07-12 16:51:44.319  INFO 16809 --- [           main] trationDelegate$BeanPostProcessorChecker : Bean 'accountRealm' of type [com.ttice.icewkment.shiro.AccountRealm] is not eligible for getting processed by all BeanPostProcessors (for example: not eligible for auto-proxying)
2025-07-12 16:51:44.322  INFO 16809 --- [           main] trationDelegate$BeanPostProcessorChecker : Bean 'shiro-redis.redis-manager-org.crazycake.shiro.RedisManagerProperties' of type [org.crazycake.shiro.RedisManagerProperties] is not eligible for getting processed by all BeanPostProcessors (for example: not eligible for auto-proxying)
2025-07-12 16:51:44.323  INFO 16809 --- [           main] trationDelegate$BeanPostProcessorChecker : Bean 'shiro-redis.cache-manager-org.crazycake.shiro.CacheManagerProperties' of type [org.crazycake.shiro.CacheManagerProperties] is not eligible for getting processed by all BeanPostProcessors (for example: not eligible for auto-proxying)
2025-07-12 16:51:44.324  INFO 16809 --- [           main] trationDelegate$BeanPostProcessorChecker : Bean 'shiro-redis.session-dao-org.crazycake.shiro.RedisSessionDAOProperties' of type [org.crazycake.shiro.RedisSessionDAOProperties] is not eligible for getting processed by all BeanPostProcessors (for example: not eligible for auto-proxying)
2025-07-12 16:51:44.325  INFO 16809 --- [           main] trationDelegate$BeanPostProcessorChecker : Bean 'org.crazycake.shiro.ShiroRedisAutoConfiguration' of type [org.crazycake.shiro.ShiroRedisAutoConfiguration$$EnhancerBySpringCGLIB$$cfe7e0d9] is not eligible for getting processed by all BeanPostProcessors (for example: not eligible for auto-proxying)
2025-07-12 16:51:44.328  INFO 16809 --- [           main] trationDelegate$BeanPostProcessorChecker : Bean 'redisManager' of type [org.crazycake.shiro.RedisManager] is not eligible for getting processed by all BeanPostProcessors (for example: not eligible for auto-proxying)
2025-07-12 16:51:44.330  INFO 16809 --- [           main] trationDelegate$BeanPostProcessorChecker : Bean 'redisSessionDAO' of type [org.crazycake.shiro.RedisSessionDAO] is not eligible for getting processed by all BeanPostProcessors (for example: not eligible for auto-proxying)
2025-07-12 16:51:44.334  INFO 16809 --- [           main] trationDelegate$BeanPostProcessorChecker : Bean 'sessionManager' of type [org.apache.shiro.web.session.mgt.DefaultWebSessionManager] is not eligible for getting processed by all BeanPostProcessors (for example: not eligible for auto-proxying)
2025-07-12 16:51:44.336  INFO 16809 --- [           main] trationDelegate$BeanPostProcessorChecker : Bean 'redisCacheManager' of type [org.crazycake.shiro.RedisCacheManager] is not eligible for getting processed by all BeanPostProcessors (for example: not eligible for auto-proxying)
2025-07-12 16:51:44.368  INFO 16809 --- [           main] trationDelegate$BeanPostProcessorChecker : Bean 'securityManager' of type [org.apache.shiro.web.mgt.DefaultWebSecurityManager] is not eligible for getting processed by all BeanPostProcessors (for example: not eligible for auto-proxying)
2025-07-12 16:51:44.369  INFO 16809 --- [           main] trationDelegate$BeanPostProcessorChecker : Bean 'shiroFilterChainDefinition' of type [org.apache.shiro.spring.web.config.DefaultShiroFilterChainDefinition] is not eligible for getting processed by all BeanPostProcessors (for example: not eligible for auto-proxying)
2025-07-12 16:51:44.381  INFO 16809 --- [           main] trationDelegate$BeanPostProcessorChecker : Bean 'authorizationAttributeSourceAdvisor' of type [org.apache.shiro.spring.security.interceptor.AuthorizationAttributeSourceAdvisor] is not eligible for getting processed by all BeanPostProcessors (for example: not eligible for auto-proxying)
2025-07-12 16:51:44.430  INFO 16809 --- [           main] trationDelegate$BeanPostProcessorChecker : Bean 'eventBus' of type [org.apache.shiro.event.support.DefaultEventBus] is not eligible for getting processed by all BeanPostProcessors (for example: not eligible for auto-proxying)
2025-07-12 16:51:44.579  INFO 16809 --- [           main] o.s.b.w.embedded.tomcat.TomcatWebServer  : Tomcat initialized with port(s): 8181 (http)
2025-07-12 16:51:44.587  INFO 16809 --- [           main] o.apache.catalina.core.StandardService   : Starting service [Tomcat]
2025-07-12 16:51:44.587  INFO 16809 --- [           main] org.apache.catalina.core.StandardEngine  : Starting Servlet engine: [Apache Tomcat/9.0.39]
2025-07-12 16:51:44.632  INFO 16809 --- [           main] o.a.c.c.C.[Tomcat].[localhost].[/]       : Initializing Spring embedded WebApplicationContext
2025-07-12 16:51:44.632  INFO 16809 --- [           main] w.s.c.ServletWebServerApplicationContext : Root WebApplicationContext: initialization completed in 1477 ms
2025-07-12 16:51:45.301  INFO 16809 --- [           main] com.zaxxer.hikari.HikariDataSource       : HikariPool-1 - Starting...
2025-07-12 16:51:45.455  INFO 16809 --- [           main] com.zaxxer.hikari.HikariDataSource       : HikariPool-1 - Start completed.
2025-07-12 16:51:45.574  INFO 16809 --- [           main] com.ttice.icepayment.config.WxPayConfig  : 获取签名验证器
2025-07-12 16:51:46.094  INFO 16809 --- [ate_cert_thread] c.w.p.c.a.h.cert.CertManagerSingleton    : Begin update Certificate.Date:2025-07-12T08:51:46.094020Z
2025-07-12 16:51:46.094  INFO 16809 --- [           main] com.ttice.icepayment.config.WxPayConfig  : 获取httpClient
2025-07-12 16:51:46.101  INFO 16809 --- [           main] com.ttice.icepayment.config.WxPayConfig  : == getWxPayNoSignClient END ==
2025-07-12 16:51:46.305  INFO 16809 --- [           main] pertySourcedRequestMappingHandlerMapping : Mapped URL path [/v2/api-docs] onto method [springfox.documentation.swagger2.web.Swagger2Controller#getDocumentation(String, HttpServletRequest)]
2025-07-12 16:51:46.359  INFO 16809 --- [           main] o.s.s.concurrent.ThreadPoolTaskExecutor  : Initializing ExecutorService 'applicationTaskExecutor'
2025-07-12 16:51:46.462  INFO 16809 --- [ate_cert_thread] c.w.p.c.a.h.cert.CertManagerSingleton    : Finish update Certificate.Date:2025-07-12T08:51:46.462977Z
静态资源处理地址：/Users/zora/Downloads/IceCMS-Pro/IceCMS-main/target/logistics/
2025-07-12 16:51:46.590  INFO 16809 --- [           main] o.s.s.c.ThreadPoolTaskScheduler          : Initializing ExecutorService 'taskScheduler'
2025-07-12 16:51:46.625  INFO 16809 --- [           main] o.s.b.w.embedded.tomcat.TomcatWebServer  : Tomcat started on port(s): 8181 (http) with context path ''
2025-07-12 16:51:46.626  INFO 16809 --- [           main] d.s.w.p.DocumentationPluginsBootstrapper : Context refreshed
2025-07-12 16:51:46.642  INFO 16809 --- [           main] d.s.w.p.DocumentationPluginsBootstrapper : Found 2 custom documentation plugin(s)
2025-07-12 16:51:46.664  INFO 16809 --- [           main] s.d.s.w.s.ApiListingReferenceScanner     : Scanning for api listing references
2025-07-12 16:51:46.756  INFO 16809 --- [           main] .d.s.w.r.o.CachingOperationNameGenerator : Generating unique operation named: getArticleClasslistUsingGET_1
2025-07-12 16:51:46.769  INFO 16809 --- [           main] .d.s.w.r.o.CachingOperationNameGenerator : Generating unique operation named: GetArticleBtmatterUsingGET_1
2025-07-12 16:51:46.771  INFO 16809 --- [           main] .d.s.w.r.o.CachingOperationNameGenerator : Generating unique operation named: getAllArticleUsingGET_1
2025-07-12 16:51:46.774  INFO 16809 --- [           main] .d.s.w.r.o.CachingOperationNameGenerator : Generating unique operation named: getArticleByIdUsingGET_1
2025-07-12 16:51:46.778  INFO 16809 --- [           main] .d.s.w.r.o.CachingOperationNameGenerator : Generating unique operation named: sendChatMessageUsingGET_1
2025-07-12 16:51:46.787  INFO 16809 --- [           main] .d.s.w.r.o.CachingOperationNameGenerator : Generating unique operation named: getAllArticleUsingGET_2
2025-07-12 16:51:46.790  INFO 16809 --- [           main] .d.s.w.r.o.CachingOperationNameGenerator : Generating unique operation named: getNewResourceUsingGET_1
2025-07-12 16:51:46.791  INFO 16809 --- [           main] .d.s.w.r.o.CachingOperationNameGenerator : Generating unique operation named: getResourceByIdUsingGET_1
2025-07-12 16:51:46.797  INFO 16809 --- [           main] .d.s.w.r.o.CachingOperationNameGenerator : Generating unique operation named: getArticleClassNumUsingGET_1
2025-07-12 16:51:46.797  INFO 16809 --- [           main] .d.s.w.r.o.CachingOperationNameGenerator : Generating unique operation named: getSquareClasslistUsingGET_1
2025-07-12 16:51:46.806  INFO 16809 --- [           main] .d.s.w.r.o.CachingOperationNameGenerator : Generating unique operation named: getAllArticleUsingGET_3
2025-07-12 16:51:46.806  INFO 16809 --- [           main] .d.s.w.r.o.CachingOperationNameGenerator : Generating unique operation named: likeClickCommentUsingGET_1
2025-07-12 16:51:46.841  INFO 16809 --- [           main] s.d.s.w.s.ApiListingReferenceScanner     : Scanning for api listing references
2025-07-12 16:51:46.844  INFO 16809 --- [           main] .d.s.w.r.o.CachingOperationNameGenerator : Generating unique operation named: getAllTagUsingGET_1
2025-07-12 16:51:46.850  INFO 16809 --- [           main] .d.s.w.r.o.CachingOperationNameGenerator : Generating unique operation named: addUsingPOST_1
2025-07-12 16:51:46.851  INFO 16809 --- [           main] .d.s.w.r.o.CachingOperationNameGenerator : Generating unique operation named: newArticleClassUsingPOST_1
2025-07-12 16:51:46.853  INFO 16809 --- [           main] .d.s.w.r.o.CachingOperationNameGenerator : Generating unique operation named: addArticleCommentUsingPOST_1
2025-07-12 16:51:46.854  INFO 16809 --- [           main] .d.s.w.r.o.CachingOperationNameGenerator : Generating unique operation named: getArticleCommentnumUsingGET_1
2025-07-12 16:51:46.854  INFO 16809 --- [           main] .d.s.w.r.o.CachingOperationNameGenerator : Generating unique operation named: getallArticleCommentUsingGET_1
2025-07-12 16:51:46.856  INFO 16809 --- [           main] .d.s.w.r.o.CachingOperationNameGenerator : Generating unique operation named: addUsingPOST_2
2025-07-12 16:51:46.856  INFO 16809 --- [           main] .d.s.w.r.o.CachingOperationNameGenerator : Generating unique operation named: getAllArticleUsingGET_4
2025-07-12 16:51:46.857  INFO 16809 --- [           main] .d.s.w.r.o.CachingOperationNameGenerator : Generating unique operation named: getArticleByIdUsingGET_2
2025-07-12 16:51:46.873  INFO 16809 --- [           main] .d.s.w.r.o.CachingOperationNameGenerator : Generating unique operation named: newArticleClassUsingPOST_2
2025-07-12 16:51:46.875  INFO 16809 --- [           main] .d.s.w.r.o.CachingOperationNameGenerator : Generating unique operation named: getAllClassNameUsingGET_1
2025-07-12 16:51:46.875  INFO 16809 --- [           main] .d.s.w.r.o.CachingOperationNameGenerator : Generating unique operation named: getClassNameByIdUsingGET_1
2025-07-12 16:51:46.877  INFO 16809 --- [           main] .d.s.w.r.o.CachingOperationNameGenerator : Generating unique operation named: addResourceCommentUsingPOST_1
2025-07-12 16:51:46.877  INFO 16809 --- [           main] .d.s.w.r.o.CachingOperationNameGenerator : Generating unique operation named: getResourceCommentnumUsingGET_1
2025-07-12 16:51:46.878  INFO 16809 --- [           main] .d.s.w.r.o.CachingOperationNameGenerator : Generating unique operation named: getallResourceCommentUsingGET_1
2025-07-12 16:51:46.883  INFO 16809 --- [           main] .d.s.w.r.o.CachingOperationNameGenerator : Generating unique operation named: addUsingPOST_3
2025-07-12 16:51:46.884  INFO 16809 --- [           main] .d.s.w.r.o.CachingOperationNameGenerator : Generating unique operation named: getResourceByIdUsingGET_2
2025-07-12 16:51:46.891  INFO 16809 --- [           main] .d.s.w.r.o.CachingOperationNameGenerator : Generating unique operation named: getAllClassNameUsingGET_2
2025-07-12 16:51:46.891  INFO 16809 --- [           main] .d.s.w.r.o.CachingOperationNameGenerator : Generating unique operation named: getClassNameByIdUsingGET_2
2025-07-12 16:51:46.893  INFO 16809 --- [           main] .d.s.w.r.o.CachingOperationNameGenerator : Generating unique operation named: getAllArticleUsingGET_5
2025-07-12 16:51:46.894  INFO 16809 --- [           main] .d.s.w.r.o.CachingOperationNameGenerator : Generating unique operation named: ChangeSquareByIdUsingGET_1
2025-07-12 16:51:46.894  INFO 16809 --- [           main] .d.s.w.r.o.CachingOperationNameGenerator : Generating unique operation named: DelectSquareByIdUsingGET_1
2025-07-12 16:51:46.897  INFO 16809 --- [           main] .d.s.w.r.o.CachingOperationNameGenerator : Generating unique operation named: addUsingPOST_4
2025-07-12 16:51:46.899  INFO 16809 --- [           main] .d.s.w.r.o.CachingOperationNameGenerator : Generating unique operation named: ChangePasswordUsingPOST_1
2025-07-12 16:51:46.901  INFO 16809 --- [           main] .d.s.w.r.o.CachingOperationNameGenerator : Generating unique operation named: ChangeUserUsingPOST_1
2025-07-12 16:51:46.901  INFO 16809 --- [           main] .d.s.w.r.o.CachingOperationNameGenerator : Generating unique operation named: CheckAdminUsingGET_1
2025-07-12 16:51:46.901  INFO 16809 --- [           main] .d.s.w.r.o.CachingOperationNameGenerator : Generating unique operation named: CheckVipUsingGET_1
2025-07-12 16:51:46.902  INFO 16809 --- [           main] .d.s.w.r.o.CachingOperationNameGenerator : Generating unique operation named: CreateUsingGET_1
2025-07-12 16:51:46.903  INFO 16809 --- [           main] .d.s.w.r.o.CachingOperationNameGenerator : Generating unique operation named: CreateWeChatLoginUsingPOST_1
2025-07-12 16:51:46.905  INFO 16809 --- [           main] .d.s.w.r.o.CachingOperationNameGenerator : Generating unique operation named: WeChatLoginUsingPOST_1
2025-07-12 16:51:46.905  INFO 16809 --- [           main] .d.s.w.r.o.CachingOperationNameGenerator : Generating unique operation named: WeChatLoginCheckUsingPOST_1
2025-07-12 16:51:46.907  INFO 16809 --- [           main] .d.s.w.r.o.CachingOperationNameGenerator : Generating unique operation named: CheckAdminUsingGET_2
2025-07-12 16:51:46.907  INFO 16809 --- [           main] .d.s.w.r.o.CachingOperationNameGenerator : Generating unique operation named: CreateUsingGET_2
2025-07-12 16:51:46.908  INFO 16809 --- [           main] .d.s.w.r.o.CachingOperationNameGenerator : Generating unique operation named: loginUsingPOST_1
2025-07-12 16:51:46.908  INFO 16809 --- [           main] .d.s.w.r.o.CachingOperationNameGenerator : Generating unique operation named: loginAdminUsingGET_1
2025-07-12 16:51:46.920  INFO 16809 --- [           main] com.ttice.main.MainApplication           : Started MainApplication in 6.273 seconds (JVM running for 6.504)
 
  ___    ___   ___    ___   __  __   ___ 
 |_ _|  / __| | __|  / __| |  \/  | / __|
  | |  | (__  | _|  | (__  | |\/| | \__ \
 |___|  \___| |___|  \___| |_|  |_| |___/
         (♥◠‿◠)ﾉﾞ ICE启动成功  ლ(´ڡ`ლ)ﾞ    

2025-07-12 16:55:02.060  INFO 16809 --- [nio-8181-exec-1] o.a.c.c.C.[Tomcat].[localhost].[/]       : Initializing Spring DispatcherServlet 'dispatcherServlet'
2025-07-12 16:55:02.061  INFO 16809 --- [nio-8181-exec-1] o.s.web.servlet.DispatcherServlet        : Initializing Servlet 'dispatcherServlet'
2025-07-12 16:55:02.068  INFO 16809 --- [nio-8181-exec-1] o.s.web.servlet.DispatcherServlet        : Completed initialization in 7 ms
2025-07-12 16:55:02.098  INFO 16809 --- [nio-8181-exec-1] a.s.s.m.AbstractValidatingSessionManager : Enabling session validation scheduler...
2025-07-12 17:51:46.180  INFO 16809 --- [ate_cert_thread] c.w.p.c.a.h.cert.CertManagerSingleton    : Begin update Certificate.Date:2025-07-12T09:51:46.180639Z
2025-07-12 17:51:46.607  INFO 16809 --- [ate_cert_thread] c.w.p.c.a.h.cert.CertManagerSingleton    : Finish update Certificate.Date:2025-07-12T09:51:46.607112Z
2025-07-12 17:55:02.194  INFO 16809 --- [idationThread-1] a.s.s.m.AbstractValidatingSessionManager : Validating all active sessions...
2025-07-12 17:55:02.271  INFO 16809 --- [idationThread-1] a.s.s.m.AbstractValidatingSessionManager : Finished session validation.  No sessions were stopped.
2025-07-12 18:51:46.286  INFO 16809 --- [ate_cert_thread] c.w.p.c.a.h.cert.CertManagerSingleton    : Begin update Certificate.Date:2025-07-12T10:51:46.286595Z
2025-07-12 18:51:46.748  INFO 16809 --- [ate_cert_thread] c.w.p.c.a.h.cert.CertManagerSingleton    : Finish update Certificate.Date:2025-07-12T10:51:46.748442Z
2025-07-12 18:55:02.296  INFO 16809 --- [idationThread-1] a.s.s.m.AbstractValidatingSessionManager : Validating all active sessions...
2025-07-12 18:55:02.302  INFO 16809 --- [idationThread-1] a.s.s.m.AbstractValidatingSessionManager : Finished session validation.  No sessions were stopped.
2025-07-12 19:51:46.328  INFO 16809 --- [ate_cert_thread] c.w.p.c.a.h.cert.CertManagerSingleton    : Begin update Certificate.Date:2025-07-12T11:51:46.328833Z
2025-07-12 19:51:46.927  INFO 16809 --- [ate_cert_thread] c.w.p.c.a.h.cert.CertManagerSingleton    : Finish update Certificate.Date:2025-07-12T11:51:46.927824Z
2025-07-12 19:55:02.337  INFO 16809 --- [idationThread-1] a.s.s.m.AbstractValidatingSessionManager : Validating all active sessions...
2025-07-12 19:55:02.345  INFO 16809 --- [idationThread-1] a.s.s.m.AbstractValidatingSessionManager : Finished session validation.  No sessions were stopped.
2025-07-12 20:51:46.271  INFO 16809 --- [ate_cert_thread] c.w.p.c.a.h.cert.CertManagerSingleton    : Begin update Certificate.Date:2025-07-12T12:51:46.271619Z
2025-07-12 20:51:46.662  INFO 16809 --- [ate_cert_thread] c.w.p.c.a.h.cert.CertManagerSingleton    : Finish update Certificate.Date:2025-07-12T12:51:46.662801Z
2025-07-12 20:55:02.283  INFO 16809 --- [idationThread-1] a.s.s.m.AbstractValidatingSessionManager : Validating all active sessions...
2025-07-12 20:55:02.294  INFO 16809 --- [idationThread-1] a.s.s.m.AbstractValidatingSessionManager : Finished session validation.  No sessions were stopped.
2025-07-12 21:51:46.288  INFO 16809 --- [ate_cert_thread] c.w.p.c.a.h.cert.CertManagerSingleton    : Begin update Certificate.Date:2025-07-12T13:51:46.287662Z
2025-07-12 21:51:46.907  INFO 16809 --- [ate_cert_thread] c.w.p.c.a.h.cert.CertManagerSingleton    : Finish update Certificate.Date:2025-07-12T13:51:46.907980Z
2025-07-12 21:55:02.294  INFO 16809 --- [idationThread-1] a.s.s.m.AbstractValidatingSessionManager : Validating all active sessions...
2025-07-12 21:55:02.309  INFO 16809 --- [idationThread-1] a.s.s.m.AbstractValidatingSessionManager : Finished session validation.  No sessions were stopped.
2025-07-12 22:12:55.457 ERROR 16809 --- [nio-8181-exec-5] c.t.i.c.e.GlovalExceptionHandler         : 运行时异常

org.springframework.web.method.annotation.MethodArgumentTypeMismatchException: Failed to convert value of type 'java.lang.String' to required type 'java.lang.Integer'; nested exception is java.lang.NumberFormatException: For input string: "undefined"
	at org.springframework.web.method.annotation.AbstractNamedValueMethodArgumentResolver.resolveArgument(AbstractNamedValueMethodArgumentResolver.java:133) ~[spring-web-5.2.10.RELEASE.jar!/:5.2.10.RELEASE]
	at org.springframework.web.method.support.HandlerMethodArgumentResolverComposite.resolveArgument(HandlerMethodArgumentResolverComposite.java:121) ~[spring-web-5.2.10.RELEASE.jar!/:5.2.10.RELEASE]
	at org.springframework.web.method.support.InvocableHandlerMethod.getMethodArgumentValues(InvocableHandlerMethod.java:167) ~[spring-web-5.2.10.RELEASE.jar!/:5.2.10.RELEASE]
	at org.springframework.web.method.support.InvocableHandlerMethod.invokeForRequest(InvocableHandlerMethod.java:134) ~[spring-web-5.2.10.RELEASE.jar!/:5.2.10.RELEASE]
	at org.springframework.web.servlet.mvc.method.annotation.ServletInvocableHandlerMethod.invokeAndHandle(ServletInvocableHandlerMethod.java:105) ~[spring-webmvc-5.2.10.RELEASE.jar!/:5.2.10.RELEASE]
	at org.springframework.web.servlet.mvc.method.annotation.RequestMappingHandlerAdapter.invokeHandlerMethod(RequestMappingHandlerAdapter.java:878) ~[spring-webmvc-5.2.10.RELEASE.jar!/:5.2.10.RELEASE]
	at org.springframework.web.servlet.mvc.method.annotation.RequestMappingHandlerAdapter.handleInternal(RequestMappingHandlerAdapter.java:792) ~[spring-webmvc-5.2.10.RELEASE.jar!/:5.2.10.RELEASE]
	at org.springframework.web.servlet.mvc.method.AbstractHandlerMethodAdapter.handle(AbstractHandlerMethodAdapter.java:87) ~[spring-webmvc-5.2.10.RELEASE.jar!/:5.2.10.RELEASE]
	at org.springframework.web.servlet.DispatcherServlet.doDispatch(DispatcherServlet.java:1040) ~[spring-webmvc-5.2.10.RELEASE.jar!/:5.2.10.RELEASE]
	at org.springframework.web.servlet.DispatcherServlet.doService(DispatcherServlet.java:943) ~[spring-webmvc-5.2.10.RELEASE.jar!/:5.2.10.RELEASE]
	at org.springframework.web.servlet.FrameworkServlet.processRequest(FrameworkServlet.java:1006) ~[spring-webmvc-5.2.10.RELEASE.jar!/:5.2.10.RELEASE]
	at org.springframework.web.servlet.FrameworkServlet.doGet(FrameworkServlet.java:898) ~[spring-webmvc-5.2.10.RELEASE.jar!/:5.2.10.RELEASE]
	at javax.servlet.http.HttpServlet.service(HttpServlet.java:626) ~[tomcat-embed-core-9.0.39.jar!/:4.0.FR]
	at org.springframework.web.servlet.FrameworkServlet.service(FrameworkServlet.java:883) ~[spring-webmvc-5.2.10.RELEASE.jar!/:5.2.10.RELEASE]
	at javax.servlet.http.HttpServlet.service(HttpServlet.java:733) ~[tomcat-embed-core-9.0.39.jar!/:4.0.FR]
	at org.apache.catalina.core.ApplicationFilterChain.internalDoFilter(ApplicationFilterChain.java:231) ~[tomcat-embed-core-9.0.39.jar!/:9.0.39]
	at org.apache.catalina.core.ApplicationFilterChain.doFilter(ApplicationFilterChain.java:166) ~[tomcat-embed-core-9.0.39.jar!/:9.0.39]
	at org.apache.tomcat.websocket.server.WsFilter.doFilter(WsFilter.java:53) ~[tomcat-embed-websocket-9.0.39.jar!/:9.0.39]
	at org.apache.catalina.core.ApplicationFilterChain.internalDoFilter(ApplicationFilterChain.java:193) ~[tomcat-embed-core-9.0.39.jar!/:9.0.39]
	at org.apache.catalina.core.ApplicationFilterChain.doFilter(ApplicationFilterChain.java:166) ~[tomcat-embed-core-9.0.39.jar!/:9.0.39]
	at org.apache.shiro.web.servlet.AdviceFilter.executeChain(AdviceFilter.java:108) ~[shiro-web-1.6.0.jar!/:1.6.0]
	at org.apache.shiro.web.servlet.AdviceFilter.doFilterInternal(AdviceFilter.java:137) ~[shiro-web-1.6.0.jar!/:1.6.0]
	at org.apache.shiro.web.servlet.OncePerRequestFilter.doFilter(OncePerRequestFilter.java:125) ~[shiro-web-1.6.0.jar!/:1.6.0]
	at org.apache.catalina.core.ApplicationFilterChain.internalDoFilter(ApplicationFilterChain.java:193) ~[tomcat-embed-core-9.0.39.jar!/:9.0.39]
	at org.apache.catalina.core.ApplicationFilterChain.doFilter(ApplicationFilterChain.java:166) ~[tomcat-embed-core-9.0.39.jar!/:9.0.39]
	at org.apache.shiro.web.servlet.ProxiedFilterChain.doFilter(ProxiedFilterChain.java:61) ~[shiro-web-1.6.0.jar!/:1.6.0]
	at org.apache.shiro.web.servlet.AdviceFilter.executeChain(AdviceFilter.java:108) ~[shiro-web-1.6.0.jar!/:1.6.0]
	at org.apache.shiro.web.servlet.AdviceFilter.doFilterInternal(AdviceFilter.java:137) ~[shiro-web-1.6.0.jar!/:1.6.0]
	at org.apache.shiro.web.servlet.OncePerRequestFilter.doFilter(OncePerRequestFilter.java:125) ~[shiro-web-1.6.0.jar!/:1.6.0]
	at org.apache.shiro.web.servlet.ProxiedFilterChain.doFilter(ProxiedFilterChain.java:66) ~[shiro-web-1.6.0.jar!/:1.6.0]
	at org.apache.shiro.web.servlet.AbstractShiroFilter.executeChain(AbstractShiroFilter.java:450) ~[shiro-web-1.6.0.jar!/:1.6.0]
	at org.apache.shiro.web.servlet.AbstractShiroFilter$1.call(AbstractShiroFilter.java:365) ~[shiro-web-1.6.0.jar!/:1.6.0]
	at org.apache.shiro.subject.support.SubjectCallable.doCall(SubjectCallable.java:90) ~[shiro-core-1.6.0.jar!/:1.6.0]
	at org.apache.shiro.subject.support.SubjectCallable.call(SubjectCallable.java:83) ~[shiro-core-1.6.0.jar!/:1.6.0]
	at org.apache.shiro.subject.support.DelegatingSubject.execute(DelegatingSubject.java:387) ~[shiro-core-1.6.0.jar!/:1.6.0]
	at org.apache.shiro.web.servlet.AbstractShiroFilter.doFilterInternal(AbstractShiroFilter.java:362) ~[shiro-web-1.6.0.jar!/:1.6.0]
	at org.apache.shiro.web.servlet.OncePerRequestFilter.doFilter(OncePerRequestFilter.java:125) ~[shiro-web-1.6.0.jar!/:1.6.0]
	at org.apache.catalina.core.ApplicationFilterChain.internalDoFilter(ApplicationFilterChain.java:193) ~[tomcat-embed-core-9.0.39.jar!/:9.0.39]
	at org.apache.catalina.core.ApplicationFilterChain.doFilter(ApplicationFilterChain.java:166) ~[tomcat-embed-core-9.0.39.jar!/:9.0.39]
	at org.springframework.web.filter.RequestContextFilter.doFilterInternal(RequestContextFilter.java:100) ~[spring-web-5.2.10.RELEASE.jar!/:5.2.10.RELEASE]
	at org.springframework.web.filter.OncePerRequestFilter.doFilter(OncePerRequestFilter.java:119) ~[spring-web-5.2.10.RELEASE.jar!/:5.2.10.RELEASE]
	at org.apache.catalina.core.ApplicationFilterChain.internalDoFilter(ApplicationFilterChain.java:193) ~[tomcat-embed-core-9.0.39.jar!/:9.0.39]
	at org.apache.catalina.core.ApplicationFilterChain.doFilter(ApplicationFilterChain.java:166) ~[tomcat-embed-core-9.0.39.jar!/:9.0.39]
	at org.springframework.web.filter.FormContentFilter.doFilterInternal(FormContentFilter.java:93) ~[spring-web-5.2.10.RELEASE.jar!/:5.2.10.RELEASE]
	at org.springframework.web.filter.OncePerRequestFilter.doFilter(OncePerRequestFilter.java:119) ~[spring-web-5.2.10.RELEASE.jar!/:5.2.10.RELEASE]
	at org.apache.catalina.core.ApplicationFilterChain.internalDoFilter(ApplicationFilterChain.java:193) ~[tomcat-embed-core-9.0.39.jar!/:9.0.39]
	at org.apache.catalina.core.ApplicationFilterChain.doFilter(ApplicationFilterChain.java:166) ~[tomcat-embed-core-9.0.39.jar!/:9.0.39]
	at org.springframework.web.filter.CharacterEncodingFilter.doFilterInternal(CharacterEncodingFilter.java:201) ~[spring-web-5.2.10.RELEASE.jar!/:5.2.10.RELEASE]
	at org.springframework.web.filter.OncePerRequestFilter.doFilter(OncePerRequestFilter.java:119) ~[spring-web-5.2.10.RELEASE.jar!/:5.2.10.RELEASE]
	at org.apache.catalina.core.ApplicationFilterChain.internalDoFilter(ApplicationFilterChain.java:193) ~[tomcat-embed-core-9.0.39.jar!/:9.0.39]
	at org.apache.catalina.core.ApplicationFilterChain.doFilter(ApplicationFilterChain.java:166) ~[tomcat-embed-core-9.0.39.jar!/:9.0.39]
	at org.apache.catalina.core.StandardWrapperValve.invoke(StandardWrapperValve.java:202) ~[tomcat-embed-core-9.0.39.jar!/:9.0.39]
	at org.apache.catalina.core.StandardContextValve.invoke(StandardContextValve.java:97) ~[tomcat-embed-core-9.0.39.jar!/:9.0.39]
	at org.apache.catalina.authenticator.AuthenticatorBase.invoke(AuthenticatorBase.java:542) ~[tomcat-embed-core-9.0.39.jar!/:9.0.39]
	at org.apache.catalina.core.StandardHostValve.invoke(StandardHostValve.java:143) ~[tomcat-embed-core-9.0.39.jar!/:9.0.39]
	at org.apache.catalina.valves.ErrorReportValve.invoke(ErrorReportValve.java:92) ~[tomcat-embed-core-9.0.39.jar!/:9.0.39]
	at org.apache.catalina.core.StandardEngineValve.invoke(StandardEngineValve.java:78) ~[tomcat-embed-core-9.0.39.jar!/:9.0.39]
	at org.apache.catalina.connector.CoyoteAdapter.service(CoyoteAdapter.java:343) ~[tomcat-embed-core-9.0.39.jar!/:9.0.39]
	at org.apache.coyote.http11.Http11Processor.service(Http11Processor.java:374) ~[tomcat-embed-core-9.0.39.jar!/:9.0.39]
	at org.apache.coyote.AbstractProcessorLight.process(AbstractProcessorLight.java:65) ~[tomcat-embed-core-9.0.39.jar!/:9.0.39]
	at org.apache.coyote.AbstractProtocol$ConnectionHandler.process(AbstractProtocol.java:868) ~[tomcat-embed-core-9.0.39.jar!/:9.0.39]
	at org.apache.tomcat.util.net.NioEndpoint$SocketProcessor.doRun(NioEndpoint.java:1590) ~[tomcat-embed-core-9.0.39.jar!/:9.0.39]
	at org.apache.tomcat.util.net.SocketProcessorBase.run(SocketProcessorBase.java:49) ~[tomcat-embed-core-9.0.39.jar!/:9.0.39]
	at java.base/java.util.concurrent.ThreadPoolExecutor.runWorker(ThreadPoolExecutor.java:1136) ~[na:na]
	at java.base/java.util.concurrent.ThreadPoolExecutor$Worker.run(ThreadPoolExecutor.java:635) ~[na:na]
	at org.apache.tomcat.util.threads.TaskThread$WrappingRunnable.run(TaskThread.java:61) ~[tomcat-embed-core-9.0.39.jar!/:9.0.39]
	at java.base/java.lang.Thread.run(Thread.java:840) ~[na:na]
Caused by: java.lang.NumberFormatException: For input string: "undefined"
	at java.base/java.lang.NumberFormatException.forInputString(NumberFormatException.java:67) ~[na:na]
	at java.base/java.lang.Integer.parseInt(Integer.java:668) ~[na:na]
	at java.base/java.lang.Integer.valueOf(Integer.java:999) ~[na:na]
	at org.springframework.util.NumberUtils.parseNumber(NumberUtils.java:211) ~[spring-core-5.2.10.RELEASE.jar!/:5.2.10.RELEASE]
	at org.springframework.beans.propertyeditors.CustomNumberEditor.setAsText(CustomNumberEditor.java:115) ~[spring-beans-5.2.10.RELEASE.jar!/:5.2.10.RELEASE]
	at org.springframework.beans.TypeConverterDelegate.doConvertTextValue(TypeConverterDelegate.java:429) ~[spring-beans-5.2.10.RELEASE.jar!/:5.2.10.RELEASE]
	at org.springframework.beans.TypeConverterDelegate.doConvertValue(TypeConverterDelegate.java:402) ~[spring-beans-5.2.10.RELEASE.jar!/:5.2.10.RELEASE]
	at org.springframework.beans.TypeConverterDelegate.convertIfNecessary(TypeConverterDelegate.java:155) ~[spring-beans-5.2.10.RELEASE.jar!/:5.2.10.RELEASE]
	at org.springframework.beans.TypeConverterSupport.convertIfNecessary(TypeConverterSupport.java:73) ~[spring-beans-5.2.10.RELEASE.jar!/:5.2.10.RELEASE]
	at org.springframework.beans.TypeConverterSupport.convertIfNecessary(TypeConverterSupport.java:53) ~[spring-beans-5.2.10.RELEASE.jar!/:5.2.10.RELEASE]
	at org.springframework.validation.DataBinder.convertIfNecessary(DataBinder.java:693) ~[spring-context-5.2.10.RELEASE.jar!/:5.2.10.RELEASE]
	at org.springframework.web.method.annotation.AbstractNamedValueMethodArgumentResolver.resolveArgument(AbstractNamedValueMethodArgumentResolver.java:125) ~[spring-web-5.2.10.RELEASE.jar!/:5.2.10.RELEASE]
	... 66 common frames omitted

2025-07-12 22:51:46.319  INFO 16809 --- [ate_cert_thread] c.w.p.c.a.h.cert.CertManagerSingleton    : Begin update Certificate.Date:2025-07-12T14:51:46.319289Z
2025-07-12 22:51:46.841  INFO 16809 --- [ate_cert_thread] c.w.p.c.a.h.cert.CertManagerSingleton    : Finish update Certificate.Date:2025-07-12T14:51:46.841646Z
2025-07-12 22:55:02.308  INFO 16809 --- [idationThread-1] a.s.s.m.AbstractValidatingSessionManager : Validating all active sessions...
2025-07-12 22:55:02.323  INFO 16809 --- [idationThread-1] a.s.s.m.AbstractValidatingSessionManager : Finished session validation.  No sessions were stopped.
2025-07-12 23:51:46.331  INFO 16809 --- [ate_cert_thread] c.w.p.c.a.h.cert.CertManagerSingleton    : Begin update Certificate.Date:2025-07-12T15:51:46.331542Z
2025-07-12 23:51:46.843  INFO 16809 --- [ate_cert_thread] c.w.p.c.a.h.cert.CertManagerSingleton    : Finish update Certificate.Date:2025-07-12T15:51:46.843791Z
2025-07-12 23:55:02.337  INFO 16809 --- [idationThread-1] a.s.s.m.AbstractValidatingSessionManager : Validating all active sessions...
2025-07-12 23:55:02.348  INFO 16809 --- [idationThread-1] a.s.s.m.AbstractValidatingSessionManager : Finished session validation.  No sessions were stopped.
2025-07-13 00:51:46.352  INFO 16809 --- [ate_cert_thread] c.w.p.c.a.h.cert.CertManagerSingleton    : Begin update Certificate.Date:2025-07-12T16:51:46.351866Z
2025-07-13 00:51:46.775  INFO 16809 --- [ate_cert_thread] c.w.p.c.a.h.cert.CertManagerSingleton    : Finish update Certificate.Date:2025-07-12T16:51:46.775667Z
2025-07-13 00:55:02.367  INFO 16809 --- [idationThread-1] a.s.s.m.AbstractValidatingSessionManager : Validating all active sessions...
2025-07-13 00:55:02.388  INFO 16809 --- [idationThread-1] a.s.s.m.AbstractValidatingSessionManager : Finished session validation.  No sessions were stopped.
